The system is: Linux - 4.4.0-18362-Microsoft - x86_64
Compiling the C compiler identification source file "CMakeCCompilerId.c" succeeded.
Compiler: /usr/bin/cc 
Build flags: 
Id flags:  

The output was:
0


Compilation of the C compiler identification source "CMakeCCompilerId.c" produced "a.out"

The C compiler identification is GNU, found in "/mnt/c/Users/emkri/OneDrive/Documents/ECS193/id-pirated-vid/CMakeFiles/3.10.2/CompilerIdC/a.out"

Compiling the CXX compiler identification source file "CMakeCXXCompilerId.cpp" succeeded.
Compiler: /usr/bin/c++ 
Build flags: 
Id flags:  

The output was:
0


Compilation of the CXX compiler identification source "CMakeCXXCompilerId.cpp" produced "a.out"

The CXX compiler identification is GNU, found in "/mnt/c/Users/emkri/OneDrive/Documents/ECS193/id-pirated-vid/CMakeFiles/3.10.2/CompilerIdCXX/a.out"

Determining if the C compiler works passed with the following output:
Change Dir: /mnt/c/Users/emkri/OneDrive/Documents/ECS193/id-pirated-vid/CMakeFiles/CMakeTmp

Run Build Command:"/usr/bin/make" "cmTC_e69bd/fast"
/usr/bin/make -f CMakeFiles/cmTC_e69bd.dir/build.make CMakeFiles/cmTC_e69bd.dir/build
make[1]: Entering directory '/mnt/c/Users/emkri/OneDrive/Documents/ECS193/id-pirated-vid/CMakeFiles/CMakeTmp'
Building C object CMakeFiles/cmTC_e69bd.dir/testCCompiler.c.o
/usr/bin/cc    -o CMakeFiles/cmTC_e69bd.dir/testCCompiler.c.o   -c /mnt/c/Users/emkri/OneDrive/Documents/ECS193/id-pirated-vid/CMakeFiles/CMakeTmp/testCCompiler.c
Linking C executable cmTC_e69bd
/usr/bin/cmake -E cmake_link_script CMakeFiles/cmTC_e69bd.dir/link.txt --verbose=1
/usr/bin/cc      CMakeFiles/cmTC_e69bd.dir/testCCompiler.c.o  -o cmTC_e69bd 
make[1]: Leaving directory '/mnt/c/Users/emkri/OneDrive/Documents/ECS193/id-pirated-vid/CMakeFiles/CMakeTmp'


Determining if the CXX compiler works passed with the following output:
Change Dir: /mnt/c/Users/emkri/OneDrive/Documents/ECS193/id-pirated-vid/CMakeFiles/CMakeTmp

Run Build Command:"/usr/bin/make" "cmTC_73d6b/fast"
/usr/bin/make -f CMakeFiles/cmTC_73d6b.dir/build.make CMakeFiles/cmTC_73d6b.dir/build
make[1]: Entering directory '/mnt/c/Users/emkri/OneDrive/Documents/ECS193/id-pirated-vid/CMakeFiles/CMakeTmp'
Building CXX object CMakeFiles/cmTC_73d6b.dir/testCXXCompiler.cxx.o
/usr/bin/c++     -o CMakeFiles/cmTC_73d6b.dir/testCXXCompiler.cxx.o -c /mnt/c/Users/emkri/OneDrive/Documents/ECS193/id-pirated-vid/CMakeFiles/CMakeTmp/testCXXCompiler.cxx
Linking CXX executable cmTC_73d6b
/usr/bin/cmake -E cmake_link_script CMakeFiles/cmTC_73d6b.dir/link.txt --verbose=1
/usr/bin/c++       CMakeFiles/cmTC_73d6b.dir/testCXXCompiler.cxx.o  -o cmTC_73d6b 
make[1]: Leaving directory '/mnt/c/Users/emkri/OneDrive/Documents/ECS193/id-pirated-vid/CMakeFiles/CMakeTmp'


